2025-10-14 17:36:22,102 - sports_system - INFO - Inicializando componentes do sistema...
2025-10-14 17:36:22,217 - sports_system - WARNING - Chave da API-Football não encontrada. Usando modo simulado.
2025-10-14 17:36:22,217 - sports_system - ERROR - Erro na inicialização: 'model_save_path'
2025-10-14 17:36:23,220 - sports_system - INFO - Inicializando componentes do sistema...
2025-10-14 17:36:23,333 - sports_system - WARNING - Chave da API-Football não encontrada. Usando modo simulado.
2025-10-14 17:36:23,338 - sports_system - ERROR - Erro na inicialização: 'model_save_path'
2025-10-14 17:36:24,351 - sports_system - INFO - Inicializando componentes do sistema...
2025-10-14 17:36:24,354 - sports_system - WARNING - Chave da API-Football não encontrada. Usando modo simulado.
2025-10-14 17:36:24,354 - sports_system - ERROR - Erro na inicialização: 'model_save_path'
2025-10-14 17:36:25,357 - sports_system - INFO - Inicializando componentes do sistema...
2025-10-14 17:36:25,360 - sports_system - WARNING - Chave da API-Football não encontrada. Usando modo simulado.
2025-10-14 17:36:25,361 - sports_system - ERROR - Erro na inicialização: 'model_save_path'
2025-10-14 17:36:26,365 - sports_system - INFO - Inicializando componentes do sistema...
2025-10-14 17:36:26,370 - sports_system - WARNING - Chave da API-Football não encontrada. Usando modo simulado.
2025-10-14 17:36:26,370 - sports_system - ERROR - Erro na inicialização: 'model_save_path'
2025-10-14 17:36:27,378 - sports_system - INFO - Inicializando componentes do sistema...
2025-10-14 17:36:27,383 - sports_system - WARNING - Chave da API-Football não encontrada. Usando modo simulado.
2025-10-14 17:36:27,384 - sports_system - ERROR - Erro na inicialização: 'model_save_path'
2025-10-14 17:37:00,583 - sports_system - INFO - Inicializando componentes do sistema...
2025-10-14 17:37:00,586 - sports_system - WARNING - Chave da API-Football não encontrada. Usando modo simulado.
2025-10-14 17:37:00,586 - sports_system - INFO - Componentes inicializados com sucesso
2025-10-14 17:37:00,587 - sports_system - INFO - Iniciando coleta de dados: ['leagues']
2025-10-14 17:37:00,824 - sports_system - INFO - Coletados 0 registros de leagues
2025-10-14 17:37:00,824 - sports_system - INFO - Iniciando coleta de dados: ['teams']
2025-10-14 17:37:00,891 - sports_system - INFO - Coletados 0 registros de teams
2025-10-14 17:37:00,891 - sports_system - INFO - Iniciando coleta de dados: ['fixtures']
2025-10-14 17:37:00,957 - sports_system - INFO - Coletados 0 registros de fixtures
2025-10-14 17:37:00,958 - sports_system - INFO - Iniciando coleta de dados: ['match_odds']
2025-10-14 17:37:00,958 - sports_system - INFO - Coletados 8 registros de match_odds
2025-10-14 17:37:00,958 - sports_system - INFO - Limpando recursos do sistema
2025-10-14 17:37:00,958 - sports_system - INFO - Limpeza concluída
2025-10-14 17:37:01,962 - sports_system - INFO - Inicializando componentes do sistema...
2025-10-14 17:37:01,964 - sports_system - WARNING - Chave da API-Football não encontrada. Usando modo simulado.
2025-10-14 17:37:01,965 - sports_system - INFO - Componentes inicializados com sucesso
2025-10-14 17:37:01,965 - sports_system - INFO - Iniciando processamento de dados
2025-10-14 17:37:01,968 - sports_system - INFO - Processamento de dados concluído
2025-10-14 17:37:01,968 - sports_system - INFO - Limpando recursos do sistema
2025-10-14 17:37:01,968 - sports_system - INFO - Limpeza concluída
2025-10-14 17:37:02,972 - sports_system - INFO - Inicializando componentes do sistema...
2025-10-14 17:37:02,980 - sports_system - WARNING - Chave da API-Football não encontrada. Usando modo simulado.
2025-10-14 17:37:02,982 - sports_system - INFO - Componentes inicializados com sucesso
2025-10-14 17:37:03,508 - sports_system - INFO - Fazendo predições
2025-10-14 17:37:03,537 - sports_system - INFO - Predições concluídas
2025-10-14 17:37:03,538 - sports_system - INFO - Limpando recursos do sistema
2025-10-14 17:37:03,538 - sports_system - INFO - Limpeza concluída
2025-10-14 17:37:04,542 - sports_system - INFO - Inicializando componentes do sistema...
2025-10-14 17:37:04,546 - sports_system - WARNING - Chave da API-Football não encontrada. Usando modo simulado.
2025-10-14 17:37:04,547 - sports_system - INFO - Componentes inicializados com sucesso
2025-10-14 17:37:04,547 - sports_system - INFO - Salvando dados no banco
2025-10-14 17:37:04,564 - sports_system - INFO - Dados salvos com sucesso
2025-10-14 17:37:04,565 - sports_system - INFO - Limpando recursos do sistema
2025-10-14 17:37:04,566 - sports_system - INFO - Limpeza concluída
2025-10-14 17:37:05,571 - sports_system - INFO - Inicializando componentes do sistema...
2025-10-14 17:37:05,583 - sports_system - WARNING - Chave da API-Football não encontrada. Usando modo simulado.
2025-10-14 17:37:05,586 - sports_system - INFO - Componentes inicializados com sucesso
2025-10-14 17:37:07,587 - sports_system - INFO - Limpando recursos do sistema
2025-10-14 17:37:07,587 - sports_system - INFO - Limpeza concluída
2025-10-14 17:37:08,591 - sports_system - INFO - Inicializando componentes do sistema...
2025-10-14 17:37:08,594 - sports_system - WARNING - Chave da API-Football não encontrada. Usando modo simulado.
2025-10-14 17:37:08,595 - sports_system - INFO - Componentes inicializados com sucesso
2025-10-14 17:37:08,595 - sports_system - INFO - Iniciando análise: Manchester City vs Arsenal
2025-10-14 17:37:08,595 - sports_system - INFO - Iniciando coleta de dados: ['fixtures', 'team_stats', 'h2h', 'match_odds']
2025-10-14 17:37:08,800 - sports_system - INFO - Coletados 0 registros de fixtures
2025-10-14 17:37:08,865 - sports_system - INFO - Coletados 0 registros de team_stats
2025-10-14 17:37:08,933 - sports_system - INFO - Coletados 0 registros de h2h
2025-10-14 17:37:08,933 - sports_system - INFO - Coletados 8 registros de match_odds
2025-10-14 17:37:08,933 - sports_system - INFO - Iniciando processamento de dados
2025-10-14 17:37:08,937 - sports_system - INFO - Processamento de dados concluído
2025-10-14 17:37:08,937 - sports_system - ERROR - Erro na análise: list index out of range
2025-10-14 17:43:24,670 - sports_system - INFO - Inicializando componentes do sistema...
2025-10-14 17:43:24,681 - sports_system - WARNING - Chave da API-Football não encontrada. Usando modo simulado.
2025-10-14 17:43:24,682 - sports_system - INFO - Componentes inicializados com sucesso
2025-10-14 17:43:24,683 - sports_system - INFO - Iniciando coleta de dados: ['leagues']
2025-10-14 17:43:24,915 - sports_system - INFO - Coletados 0 registros de leagues
2025-10-14 17:43:24,915 - sports_system - INFO - Iniciando coleta de dados: ['teams']
2025-10-14 17:43:24,985 - sports_system - INFO - Coletados 0 registros de teams
2025-10-14 17:43:24,985 - sports_system - INFO - Iniciando coleta de dados: ['fixtures']
2025-10-14 17:43:25,049 - sports_system - INFO - Coletados 0 registros de fixtures
2025-10-14 17:43:25,049 - sports_system - INFO - Iniciando coleta de dados: ['match_odds']
2025-10-14 17:43:25,050 - sports_system - INFO - Coletados 8 registros de match_odds
2025-10-14 17:43:25,050 - sports_system - INFO - Limpando recursos do sistema
2025-10-14 17:43:25,050 - sports_system - INFO - Limpeza concluída
2025-10-14 17:43:26,053 - sports_system - INFO - Inicializando componentes do sistema...
2025-10-14 17:43:26,055 - sports_system - WARNING - Chave da API-Football não encontrada. Usando modo simulado.
2025-10-14 17:43:26,057 - sports_system - INFO - Componentes inicializados com sucesso
2025-10-14 17:43:26,058 - sports_system - INFO - Iniciando processamento de dados
2025-10-14 17:43:26,060 - sports_system - INFO - Processamento de dados concluído
2025-10-14 17:43:26,060 - sports_system - INFO - Limpando recursos do sistema
2025-10-14 17:43:26,060 - sports_system - INFO - Limpeza concluída
2025-10-14 17:43:27,063 - sports_system - INFO - Inicializando componentes do sistema...
2025-10-14 17:43:27,066 - sports_system - WARNING - Chave da API-Football não encontrada. Usando modo simulado.
2025-10-14 17:43:27,067 - sports_system - INFO - Componentes inicializados com sucesso
2025-10-14 17:43:27,652 - sports_system - INFO - Fazendo predições
2025-10-14 17:43:27,686 - sports_system - INFO - Predições concluídas
2025-10-14 17:43:27,686 - sports_system - INFO - Limpando recursos do sistema
2025-10-14 17:43:27,686 - sports_system - INFO - Limpeza concluída
2025-10-14 17:43:28,689 - sports_system - INFO - Inicializando componentes do sistema...
2025-10-14 17:43:28,694 - sports_system - WARNING - Chave da API-Football não encontrada. Usando modo simulado.
2025-10-14 17:43:28,696 - sports_system - INFO - Componentes inicializados com sucesso
2025-10-14 17:43:28,696 - sports_system - INFO - Salvando dados no banco
2025-10-14 17:43:28,743 - sports_system - INFO - Dados salvos com sucesso
2025-10-14 17:43:28,746 - sports_system - INFO - Limpando recursos do sistema
2025-10-14 17:43:28,747 - sports_system - INFO - Limpeza concluída
2025-10-14 17:43:29,749 - sports_system - INFO - Inicializando componentes do sistema...
2025-10-14 17:43:29,753 - sports_system - WARNING - Chave da API-Football não encontrada. Usando modo simulado.
2025-10-14 17:43:29,754 - sports_system - INFO - Componentes inicializados com sucesso
2025-10-14 17:43:31,755 - sports_system - INFO - Limpando recursos do sistema
2025-10-14 17:43:31,755 - sports_system - INFO - Limpeza concluída
2025-10-14 17:43:32,758 - sports_system - INFO - Inicializando componentes do sistema...
2025-10-14 17:43:32,762 - sports_system - WARNING - Chave da API-Football não encontrada. Usando modo simulado.
2025-10-14 17:43:32,763 - sports_system - INFO - Componentes inicializados com sucesso
2025-10-14 17:43:32,763 - sports_system - INFO - Iniciando análise: Manchester City vs Arsenal
2025-10-14 17:43:32,763 - sports_system - INFO - Iniciando coleta de dados: ['fixtures', 'team_stats', 'h2h', 'match_odds']
2025-10-14 17:43:32,963 - sports_system - INFO - Coletados 0 registros de fixtures
2025-10-14 17:43:33,029 - sports_system - INFO - Coletados 0 registros de team_stats
2025-10-14 17:43:33,094 - sports_system - INFO - Coletados 0 registros de h2h
2025-10-14 17:43:33,094 - sports_system - INFO - Coletados 8 registros de match_odds
2025-10-14 17:43:33,094 - sports_system - INFO - Iniciando processamento de dados
2025-10-14 17:43:33,096 - sports_system - INFO - Processamento de dados concluído
2025-10-14 17:43:33,096 - sports_system - ERROR - Erro na análise: list index out of range
